1665578850620:фыва
1665578859107:help
1665578900707:add 2 4
1665578910547:add 4, 5
1665578930976:add 3   5
1665579179707:flow
1665579188475:help
1665579195416:flow
1665579208282:flow 1
1665579242909:flow
1665579247102:flow asdf
1665579280475:help
1665579299750:stacktrace
1665579392685:flow
1665579400372:flow asdf
1665579657973:flow
1665579745599:help
1665579775628:flow
1665579782609:add flow
1665579925798:flow
1665579929417:temp
1665580107500:help
1665580112388:test
1665580447578:flow
1665580452656:help
